prog -> (-1, -1)
{ -> (-1, -1)
identifier -> (3, 0)
( -> (-1, -1)
int -> (-1, -1)
) -> (-1, -1)
, -> (-1, -1)
identifier -> (4, 0)
( -> (-1, -1)
int -> (-1, -1)
) -> (-1, -1)
, -> (-1, -1)
identifier -> (5, 0)
( -> (-1, -1)
int -> (-1, -1)
) -> (-1, -1)
; -> (-1, -1)
read -> (-1, -1)
( -> (-1, -1)
identifier -> (3, 0)
) -> (-1, -1)
; -> (-1, -1)
read -> (-1, -1)
( -> (-1, -1)
identifier -> (4, 0)
) -> (-1, -1)
; -> (-1, -1)
read -> (-1, -1)
( -> (-1, -1)
identifier -> (5, 0)
) -> (-1, -1)
; -> (-1, -1)
identifier -> (23, 0)
( -> (-1, -1)
int -> (-1, -1)
) -> (-1, -1)
= -> (-1, -1)
identifier -> (3, 0)
; -> (-1, -1)
if -> (-1, -1)
identifier -> (23, 0)
> -> (-1, -1)
identifier -> (4, 0)
{ -> (-1, -1)
identifier -> (23, 0)
= -> (-1, -1)
identifier -> (4, 0)
; -> (-1, -1)
} -> (-1, -1)
if -> (-1, -1)
identifier -> (23, 0)
> -> (-1, -1)
identifier -> (5, 0)
{ -> (-1, -1)
identifier -> (23, 0)
= -> (-1, -1)
identifier -> (5, 0)
; -> (-1, -1)
} -> (-1, -1)
print -> (-1, -1)
( -> (-1, -1)
identifier -> (23, 0)
) -> (-1, -1)
; -> (-1, -1)
} -> (-1, -1)
