prog -> (-1, -1)
{ -> (-1, -1)
identifier -> (3, 0)
( -> (-1, -1)
int -> (-1, -1)
) -> (-1, -1)
, -> (-1, -1)
identifier -> (4, 0)
( -> (-1, -1)
int -> (-1, -1)
) -> (-1, -1)
, -> (-1, -1)
identifier -> (5, 0)
( -> (-1, -1)
int -> (-1, -1)
) -> (-1, -1)
; -> (-1, -1)
print -> (-1, -1)
( -> (-1, -1)
str const -> (7, 0)
) -> (-1, -1)
; -> (-1, -1)
print -> (-1, -1)
( -> (-1, -1)
str const -> (38, 0)
) -> (-1, -1)
; -> (-1, -1)
read -> (-1, -1)
( -> (-1, -1)
identifier -> (3, 0)
) -> (-1, -1)
; -> (-1, -1)
print -> (-1, -1)
( -> (-1, -1)
str const -> (39, 0)
) -> (-1, -1)
; -> (-1, -1)
read -> (-1, -1)
( -> (-1, -1)
identifier -> (4, 0)
) -> (-1, -1)
; -> (-1, -1)
print -> (-1, -1)
( -> (-1, -1)
str const -> (40, 0)
) -> (-1, -1)
; -> (-1, -1)
read -> (-1, -1)
( -> (-1, -1)
identifier -> (5, 0)
) -> (-1, -1)
; -> (-1, -1)
identifier -> (6, 0)
( -> (-1, -1)
int -> (-1, -1)
) -> (-1, -1)
= -> (-1, -1)
identifier -> (4, 0)
* -> (-1, -1)
identifier -> (4, 0)
- -> (-1, -1)
int const -> (4, 0)
* -> (-1, -1)
identifier -> (3, 0)
* -> (-1, -1)
identifier -> (5, 0)
; -> (-1, -1)
identifier -> (7, 0)
( -> (-1, -1)
real -> (-1, -1)
) -> (-1, -1)
, -> (-1, -1)
identifier -> (8, 0)
( -> (-1, -1)
real -> (-1, -1)
) -> (-1, -1)
; -> (-1, -1)
if -> (-1, -1)
identifier -> (6, 0)
< -> (-1, -1)
int const -> (0, 0)
{ -> (-1, -1)
print -> (-1, -1)
( -> (-1, -1)
str const -> (9, 0)
) -> (-1, -1)
; -> (-1, -1)
} -> (-1, -1)
if -> (-1, -1)
identifier -> (6, 0)
= -> (-1, -1)
int const -> (0, 0)
{ -> (-1, -1)
identifier -> (7, 0)
= -> (-1, -1)
( -> (-1, -1)
- -> (-1, -1)
identifier -> (4, 0)
) -> (-1, -1)
/ -> (-1, -1)
( -> (-1, -1)
int const -> (2, 0)
* -> (-1, -1)
identifier -> (3, 0)
) -> (-1, -1)
; -> (-1, -1)
print -> (-1, -1)
( -> (-1, -1)
str const -> (11, 0)
) -> (-1, -1)
; -> (-1, -1)
print -> (-1, -1)
( -> (-1, -1)
identifier -> (7, 0)
) -> (-1, -1)
; -> (-1, -1)
} -> (-1, -1)
identifier -> (7, 0)
= -> (-1, -1)
( -> (-1, -1)
( -> (-1, -1)
- -> (-1, -1)
identifier -> (4, 0)
) -> (-1, -1)
- -> (-1, -1)
( -> (-1, -1)
\/ -> (-1, -1)
identifier -> (6, 0)
) -> (-1, -1)
) -> (-1, -1)
/ -> (-1, -1)
( -> (-1, -1)
int const -> (2, 0)
* -> (-1, -1)
identifier -> (3, 0)
) -> (-1, -1)
; -> (-1, -1)
identifier -> (8, 0)
= -> (-1, -1)
( -> (-1, -1)
( -> (-1, -1)
- -> (-1, -1)
identifier -> (4, 0)
) -> (-1, -1)
+ -> (-1, -1)
( -> (-1, -1)
\/ -> (-1, -1)
identifier -> (6, 0)
) -> (-1, -1)
) -> (-1, -1)
/ -> (-1, -1)
( -> (-1, -1)
int const -> (2, 0)
* -> (-1, -1)
identifier -> (3, 0)
) -> (-1, -1)
; -> (-1, -1)
print -> (-1, -1)
( -> (-1, -1)
str const -> (15, 0)
) -> (-1, -1)
; -> (-1, -1)
print -> (-1, -1)
( -> (-1, -1)
identifier -> (7, 0)
) -> (-1, -1)
; -> (-1, -1)
print -> (-1, -1)
( -> (-1, -1)
str const -> (16, 0)
) -> (-1, -1)
; -> (-1, -1)
print -> (-1, -1)
( -> (-1, -1)
identifier -> (8, 0)
) -> (-1, -1)
; -> (-1, -1)
} -> (-1, -1)
